Start testing: Apr 27 11:09 EDT
----------------------------------------------------------
1/2 Testing: stack_TEST
1/2 Test: stack_TEST
Command: "/Users/christian/projects/c_utils/stack/tests/stack_TEST"
Directory: /Users/christian/projects/c_utils/stack/tests
"stack_TEST" start time: Apr 27 11:09 EDT
Output:
----------------------------------------------------------
'Synthesis: Tests'
1'Synthesis: Tests'
2'Synthesis: Tests'
3'Synthesis: Tests R@¦é'
'Synthesis: Tests R@¦é''Synthesis: Tests R@¦é'
'Passing'
1'Passing'
2'Passing'
3'Passing'
'Passing''Passing'
'Failing'
1'Failing'
2'Failing'
3'Failing'
'Failing''Failing'
'Or otherwise..'
1'Or otherwise..'
2'Or otherwise..'
3'Or otherwise..'
'Or otherwise..''Or otherwise..'
<end of output>
Test time =   0.00 sec
----------------------------------------------------------
Test Passed.
"stack_TEST" end time: Apr 27 11:09 EDT
"stack_TEST" time elapsed: 00:00:00
----------------------------------------------------------

2/2 Testing: str_stack_TEST
2/2 Test: str_stack_TEST
Command: "/Users/christian/projects/c_utils/stack/tests/str_stack_TEST"
Directory: /Users/christian/projects/c_utils/stack/tests
"str_stack_TEST" start time: Apr 27 11:09 EDT
Output:
----------------------------------------------------------
[[0;34m----[0m] [0;1m/Users/christian/projects/c_utils/stack/tests/str_stack_TEST.c[0m:[0;31m49[0m: Assertion failed: Total length of the string stack of 1 should be: 17, not: 18
[[0;31mFAIL[0m] stack_total_length::four: (0.00s)
'key1'
1'key1'
2'key1'
3'key1'
'key1''key1'
'value1'
1'value1'
2'value1'
3'value1'
'value1''value1'
'Synthesis: Tests'
1'Synthesis: Tests'
2'Synthesis: Tests'
3'Synthesis: Tests0'
'Synthesis: Tests0''Synthesis: Tests0'
'First Element'
1'First Element'
2'First Element'
3'First Element'
'First Element''First Element'
[[0;34m====[0m] [0;1mSynthesis: Tested: [0;34m4[0;1m | Passing: [0;32m3[0;1m | Failing: [0;31m1[0;1m | Crashing: [0m0[0;1m [0m
<end of output>
Test time =   0.04 sec
----------------------------------------------------------
Test Failed.
"str_stack_TEST" end time: Apr 27 11:09 EDT
"str_stack_TEST" time elapsed: 00:00:00
----------------------------------------------------------

End testing: Apr 27 11:09 EDT
